0 info it worked if it ends with ok
1 verbose cli [ 'C:\\Program Files\\nodejs\\\\node.exe',
1 verbose cli   'C:\\Program Files\\nodejs\\node_modules\\npm\\bin\\npm-cli.js',
1 verbose cli   'install',
1 verbose cli   '-D',
1 verbose cli   'test262-6-streamer' ]
2 info using npm@2.11.3
3 info using node@v0.12.7
4 verbose install initial load of D:\github\sandboxr\package.json
5 verbose installManyTop reading scoped package data from D:\github\sandboxr\node_modules\acorn\package.json
6 verbose installManyTop reading scoped package data from D:\github\sandboxr\node_modules\babel\package.json
7 verbose installManyTop reading scoped package data from D:\github\sandboxr\node_modules\babel-core\package.json
8 verbose installManyTop reading scoped package data from D:\github\sandboxr\node_modules\babel-runtime\package.json
9 verbose installManyTop reading scoped package data from D:\github\sandboxr\node_modules\babelify\package.json
10 verbose installManyTop reading scoped package data from D:\github\sandboxr\node_modules\browserify\package.json
11 verbose installManyTop reading scoped package data from D:\github\sandboxr\node_modules\chai\package.json
12 verbose installManyTop reading scoped package data from D:\github\sandboxr\node_modules\core-js\package.json
13 verbose installManyTop reading scoped package data from D:\github\sandboxr\node_modules\eslint\package.json
14 verbose installManyTop reading scoped package data from D:\github\sandboxr\node_modules\esprima\package.json
15 verbose installManyTop reading scoped package data from D:\github\sandboxr\node_modules\glob\package.json
16 verbose installManyTop reading scoped package data from D:\github\sandboxr\node_modules\gulp\package.json
17 verbose installManyTop reading scoped package data from D:\github\sandboxr\node_modules\gulp-eslint\package.json
18 verbose installManyTop reading scoped package data from D:\github\sandboxr\node_modules\gulp-mocha\package.json
19 verbose installManyTop reading scoped package data from D:\github\sandboxr\node_modules\gulp-rename\package.json
20 verbose installManyTop reading scoped package data from D:\github\sandboxr\node_modules\gulp-sourcemaps\package.json
21 verbose installManyTop reading scoped package data from D:\github\sandboxr\node_modules\gulp-streamify\package.json
22 verbose installManyTop reading scoped package data from D:\github\sandboxr\node_modules\gulp-uglify\package.json
23 verbose installManyTop reading scoped package data from D:\github\sandboxr\node_modules\gulp-util\package.json
24 verbose installManyTop reading scoped package data from D:\github\sandboxr\node_modules\mocha\package.json
25 verbose installManyTop reading scoped package data from D:\github\sandboxr\node_modules\regenerator\package.json
26 verbose installManyTop reading scoped package data from D:\github\sandboxr\node_modules\test262-streamer\package.json
27 verbose installManyTop reading scoped package data from D:\github\sandboxr\node_modules\through2\package.json
28 verbose installManyTop reading scoped package data from D:\github\sandboxr\node_modules\vinyl-buffer\package.json
29 verbose installManyTop reading scoped package data from D:\github\sandboxr\node_modules\vinyl-source-stream\package.json
30 verbose installManyTop reading scoped package data from D:\github\sandboxr\node_modules\yargs\package.json
31 info package.json gulp-rename@1.2.2 No license field.
32 info package.json gulp-streamify@0.0.5 No license field.
33 info package.json regenerator@0.8.38 license should be a valid SPDX license expression
34 verbose readDependencies loading dependencies from D:\github\sandboxr\package.json
35 silly cache add args [ 'test262-6-streamer', null ]
36 verbose cache add spec test262-6-streamer
37 silly cache add parsed spec { raw: 'test262-6-streamer',
37 silly cache add   scope: null,
37 silly cache add   name: 'test262-6-streamer',
37 silly cache add   rawSpec: '',
37 silly cache add   spec: '*',
37 silly cache add   type: 'range' }
38 silly addNamed test262-6-streamer@*
39 verbose addNamed "*" is a valid semver range for test262-6-streamer
40 silly addNameRange { name: 'test262-6-streamer', range: '*', hasData: false }
41 silly mapToRegistry name test262-6-streamer
42 silly mapToRegistry using default registry
43 silly mapToRegistry registry https://registry.npmjs.org/
44 silly mapToRegistry uri https://registry.npmjs.org/test262-6-streamer
45 verbose addNameRange registry:https://registry.npmjs.org/test262-6-streamer not in flight; fetching
46 verbose request uri https://registry.npmjs.org/test262-6-streamer
47 verbose request no auth needed
48 info attempt registry request try #1 at 9:29:42 PM
49 verbose request using bearer token for auth
50 verbose request id 2ca14d597c06f004
51 http request GET https://registry.npmjs.org/test262-6-streamer
52 http 404 https://registry.npmjs.org/test262-6-streamer
53 verbose headers { 'content-type': 'application/json',
53 verbose headers   'cache-control': 'max-age=0',
53 verbose headers   'content-length': '2',
53 verbose headers   'accept-ranges': 'bytes',
53 verbose headers   date: 'Sun, 27 Sep 2015 01:29:34 GMT',
53 verbose headers   via: '1.1 varnish',
53 verbose headers   connection: 'keep-alive',
53 verbose headers   'x-served-by': 'cache-dfw1822-DFW',
53 verbose headers   'x-cache': 'MISS',
53 verbose headers   'x-cache-hits': '0',
53 verbose headers   'x-timer': 'S1443317374.583906,VS0,VE68' }
54 silly get cb [ 404,
54 silly get   { 'content-type': 'application/json',
54 silly get     'cache-control': 'max-age=0',
54 silly get     'content-length': '2',
54 silly get     'accept-ranges': 'bytes',
54 silly get     date: 'Sun, 27 Sep 2015 01:29:34 GMT',
54 silly get     via: '1.1 varnish',
54 silly get     connection: 'keep-alive',
54 silly get     'x-served-by': 'cache-dfw1822-DFW',
54 silly get     'x-cache': 'MISS',
54 silly get     'x-cache-hits': '0',
54 silly get     'x-timer': 'S1443317374.583906,VS0,VE68' } ]
55 verbose stack Error: Registry returned 404 for GET on https://registry.npmjs.org/test262-6-streamer
55 verbose stack     at CachingRegistryClient.<anonymous> (C:\Program Files\nodejs\node_modules\npm\node_modules\npm-registry-client\lib\request.js:239:14)
55 verbose stack     at Request._callback (C:\Program Files\nodejs\node_modules\npm\node_modules\npm-registry-client\lib\request.js:170:14)
55 verbose stack     at Request.self.callback (C:\Program Files\nodejs\node_modules\npm\node_modules\request\request.js:354:22)
55 verbose stack     at Request.emit (events.js:110:17)
55 verbose stack     at Request.<anonymous> (C:\Program Files\nodejs\node_modules\npm\node_modules\request\request.js:1207:14)
55 verbose stack     at Request.emit (events.js:129:20)
55 verbose stack     at IncomingMessage.<anonymous> (C:\Program Files\nodejs\node_modules\npm\node_modules\request\request.js:1153:12)
55 verbose stack     at IncomingMessage.emit (events.js:129:20)
55 verbose stack     at _stream_readable.js:908:16
55 verbose stack     at process._tickCallback (node.js:355:11)
56 verbose statusCode 404
57 verbose pkgid test262-6-streamer
58 verbose cwd D:\github\sandboxr
59 error Windows_NT 6.3.9600
60 error argv "C:\\Program Files\\nodejs\\\\node.exe" "C:\\Program Files\\nodejs\\node_modules\\npm\\bin\\npm-cli.js" "install" "-D" "test262-6-streamer"
61 error node v0.12.7
62 error npm  v2.11.3
63 error code E404
64 error 404 Registry returned 404 for GET on https://registry.npmjs.org/test262-6-streamer
64 error 404
64 error 404 'test262-6-streamer' is not in the npm registry.
64 error 404 You should bug the author to publish it (or use the name yourself!)
64 error 404 It was specified as a dependency of 'sandboxr'
64 error 404
64 error 404 Note that you can also install from a
64 error 404 tarball, folder, http url, or git url.
65 verbose exit [ 1, true ]
